{'mean_fit_time': array([3048.2285639 , 1495.06618315,  104.03384864,  176.27185839,
          21.75190717,   48.79847139,  106.93515235,  200.4730224 ,
          21.51472563,   43.52189368,   89.95950931,  195.91512036,
          22.22489405,   48.93868542,   91.45231688,  185.6424588 ]),
 'std_fit_time': array([1.93725234e+02, 1.74107108e+03, 1.74703685e+01, 4.45373067e+01,
        8.74640396e-01, 6.51403473e+00, 2.07981310e+01, 3.98181108e+01,
        5.23936247e-01, 2.75018164e+00, 3.03992770e+00, 1.34150452e+01,
        1.46589369e+00, 1.11000860e+01, 9.25388055e+00, 1.11678563e+01]),
 'mean_score_time': array([ 1.31929433,  3.46193415,  9.8291443 , 17.68867898,  1.081249  ,
         3.1157952 ,  9.84420156, 20.17481124,  0.91147459,  2.90649635,
         9.54510224, 20.24424005,  0.75856256,  2.36890429,  8.45688033,
        19.42167479]),
 'std_score_time': array([0.06257201, 0.04044447, 0.18569241, 4.66255735, 0.04123429,
        0.06791008, 0.34710165, 0.22671829, 0.01091339, 0.07049498,
        0.22326541, 0.36515927, 0.03899565, 0.08006021, 0.11284028,
        0.15932436]),
 'param_learning_rate': masked_array(data=[0.2, 0.2, 0.2, 0.2, 0.1, 0.1, 0.1, 0.1, 0.05, 0.05,
                    0.05, 0.05, 0.025, 0.025, 0.025, 0.025],
              mask=[False, False, False, False, False, False, False, False,
                    False, False, False, False, False, False, False, False],
        fill_value='?',
             dtype=object),
 'param_max_depth': masked_array(data=[64, 64, 64, 64, 64, 64, 64, 64, 64, 64, 64, 64, 64, 64,
                    64, 64],
              mask=[False, False, False, False, False, False, False, False,
                    False, False, False, False, False, False, False, False],
        fill_value='?',
             dtype=object),
 'param_n_estimators': masked_array(data=[64, 128, 256, 512, 64, 128, 256, 512, 64, 128, 256,
                    512, 64, 128, 256, 512],
              mask=[False, False, False, False, False, False, False, False,
                    False, False, False, False, False, False, False, False],
        fill_value='?',
             dtype=object),
 'param_num_leaves': masked_array(data=[511, 511, 511, 511, 511, 511, 511, 511, 511, 511, 511,
                    511, 511, 511, 511, 511],
              mask=[False, False, False, False, False, False, False, False,
                    False, False, False, False, False, False, False, False],
        fill_value='?',
             dtype=object),
 'param_objective': masked_array(data=['l2', 'l2', 'l2', 'l2', 'l2', 'l2', 'l2', 'l2', 'l2',
                    'l2', 'l2', 'l2', 'l2', 'l2', 'l2', 'l2'],
              mask=[False, False, False, False, False, False, False, False,
                    False, False, False, False, False, False, False, False],
        fill_value='?',
             dtype=object),
 'param_subsample': masked_array(data=[0.25, 0.25, 0.25, 0.25, 0.25, 0.25, 0.25, 0.25, 0.25,
                    0.25, 0.25, 0.25, 0.25, 0.25, 0.25, 0.25],
              mask=[False, False, False, False, False, False, False, False,
                    False, False, False, False, False, False, False, False],
        fill_value='?',
             dtype=object),
 'param_subsample_freq': masked_array(data=[4, 4, 4, 4, 4, 4, 4, 4, 4, 4, 4, 4, 4, 4, 4, 4],
              mask=[False, False, False, False, False, False, False, False,
                    False, False, False, False, False, False, False, False],
        fill_value='?',
             dtype=object),
 'params': [{'learning_rate': 0.2,
   'max_depth': 64,
   'n_estimators': 64,
   'num_leaves': 511,
   'objective': 'l2',
   'subsample': 0.25,
   'subsample_freq': 4},
  {'learning_rate': 0.2,
   'max_depth': 64,
   'n_estimators': 128,
   'num_leaves': 511,
   'objective': 'l2',
   'subsample': 0.25,
   'subsample_freq': 4},
  {'learning_rate': 0.2,
   'max_depth': 64,
   'n_estimators': 256,
   'num_leaves': 511,
   'objective': 'l2',
   'subsample': 0.25,
   'subsample_freq': 4},
  {'learning_rate': 0.2,
   'max_depth': 64,
   'n_estimators': 512,
   'num_leaves': 511,
   'objective': 'l2',
   'subsample': 0.25,
   'subsample_freq': 4},
  {'learning_rate': 0.1,
   'max_depth': 64,
   'n_estimators': 64,
   'num_leaves': 511,
   'objective': 'l2',
   'subsample': 0.25,
   'subsample_freq': 4},
  {'learning_rate': 0.1,
   'max_depth': 64,
   'n_estimators': 128,
   'num_leaves': 511,
   'objective': 'l2',
   'subsample': 0.25,
   'subsample_freq': 4},
  {'learning_rate': 0.1,
   'max_depth': 64,
   'n_estimators': 256,
   'num_leaves': 511,
   'objective': 'l2',
   'subsample': 0.25,
   'subsample_freq': 4},
  {'learning_rate': 0.1,
   'max_depth': 64,
   'n_estimators': 512,
   'num_leaves': 511,
   'objective': 'l2',
   'subsample': 0.25,
   'subsample_freq': 4},
  {'learning_rate': 0.05,
   'max_depth': 64,
   'n_estimators': 64,
   'num_leaves': 511,
   'objective': 'l2',
   'subsample': 0.25,
   'subsample_freq': 4},
  {'learning_rate': 0.05,
   'max_depth': 64,
   'n_estimators': 128,
   'num_leaves': 511,
   'objective': 'l2',
   'subsample': 0.25,
   'subsample_freq': 4},
  {'learning_rate': 0.05,
   'max_depth': 64,
   'n_estimators': 256,
   'num_leaves': 511,
   'objective': 'l2',
   'subsample': 0.25,
   'subsample_freq': 4},
  {'learning_rate': 0.05,
   'max_depth': 64,
   'n_estimators': 512,
   'num_leaves': 511,
   'objective': 'l2',
   'subsample': 0.25,
   'subsample_freq': 4},
  {'learning_rate': 0.025,
   'max_depth': 64,
   'n_estimators': 64,
   'num_leaves': 511,
   'objective': 'l2',
   'subsample': 0.25,
   'subsample_freq': 4},
  {'learning_rate': 0.025,
   'max_depth': 64,
   'n_estimators': 128,
   'num_leaves': 511,
   'objective': 'l2',
   'subsample': 0.25,
   'subsample_freq': 4},
  {'learning_rate': 0.025,
   'max_depth': 64,
   'n_estimators': 256,
   'num_leaves': 511,
   'objective': 'l2',
   'subsample': 0.25,
   'subsample_freq': 4},
  {'learning_rate': 0.025,
   'max_depth': 64,
   'n_estimators': 512,
   'num_leaves': 511,
   'objective': 'l2',
   'subsample': 0.25,
   'subsample_freq': 4}],
 'split0_test_score': array([0.8337903 , 0.82729013, 0.81738494, 0.81738494, 0.84358122,
        0.84567955, 0.84369637, 0.83856819, 0.83719271, 0.84675127,
        0.84957456, 0.84986548, 0.78917289, 0.83860961, 0.84922067,
        0.85343127]),
 'split1_test_score': array([0.83859708, 0.83171168, 0.82323759, 0.81117443, 0.84711399,
        0.84825125, 0.84662464, 0.84083799, 0.84200963, 0.85107164,
        0.85315117, 0.85223509, 0.79299496, 0.84283806, 0.85295983,
        0.85582037]),
 'split2_test_score': array([0.83801191, 0.83230995, 0.82237797, 0.80875923, 0.84949586,
        0.8505486 , 0.84792736, 0.84316818, 0.84434205, 0.85292921,
        0.8542636 , 0.85385393, 0.79485354, 0.845341  , 0.85489903,
        0.85757522]),
 'split3_test_score': array([0.8349673 , 0.82819823, 0.818133  , 0.80585725, 0.84853544,
        0.84989055, 0.84696175, 0.84094662, 0.84327215, 0.85212516,
        0.85337009, 0.85181363, 0.7934689 , 0.84489548, 0.85474979,
        0.85678679]),
 'mean_test_score': array([0.83634165, 0.8298775 , 0.82028337, 0.81079396, 0.84718163,
        0.84859249, 0.84630253, 0.84088024, 0.84170413, 0.85071932,
        0.85258985, 0.85194203, 0.79262257, 0.84292104, 0.85295733,
        0.85590342]),
 'std_test_score': array([0.00201711, 0.00216769, 0.00255635, 0.0042455 , 0.00224477,
        0.00187836, 0.0015788 , 0.00162684, 0.00273238, 0.00238377,
        0.00179006, 0.00142037, 0.0021055 , 0.00266223, 0.00228832,
        0.00155673]),
 'rank_test_score': array([12, 13, 14, 15,  7,  6,  8, 11, 10,  5,  3,  4, 16,  9,  2,  1],
       dtype=int32),
 'split0_train_score': array([0.89170414, 0.91236929, 0.93711957, 0.93711957, 0.880852  ,
        0.9009597 , 0.92368302, 0.94848249, 0.86222774, 0.88420978,
        0.90477035, 0.92853947, 0.80534326, 0.86355177, 0.88623776,
        0.90758061]),
 'split1_train_score': array([0.89044574, 0.91244745, 0.93743895, 0.9617786 , 0.87979722,
        0.90008049, 0.92314341, 0.94795366, 0.8610641 , 0.88341373,
        0.90437192, 0.92831645, 0.80463956, 0.86262179, 0.88556461,
        0.90708883]),
 'split2_train_score': array([0.88998996, 0.91198884, 0.93726893, 0.96161188, 0.87964422,
        0.89979689, 0.92294145, 0.94790228, 0.86079173, 0.88347528,
        0.90450784, 0.92829824, 0.80350226, 0.86232602, 0.88524745,
        0.90681335]),
 'split3_train_score': array([0.8916473 , 0.91356308, 0.93794013, 0.96189185, 0.8804791 ,
        0.90064077, 0.92370981, 0.94831268, 0.86117458, 0.88368431,
        0.90498123, 0.92865188, 0.80394517, 0.8623139 , 0.88554501,
        0.90727769]),
 'mean_train_score': array([0.89094679, 0.91259217, 0.93744189, 0.95560047, 0.88019313,
        0.90036946, 0.92336942, 0.94816278, 0.86131454, 0.88369577,
        0.90465784, 0.92845151, 0.80435756, 0.86270337, 0.88564871,
        0.90719012]),
 'std_train_score': array([0.0007468 , 0.00058679, 0.00030905, 0.01067042, 0.00049344,
        0.00045644, 0.00033483, 0.00024304, 0.00054534, 0.00031325,
        0.00023531, 0.00014968, 0.0006987 , 0.0005051 , 0.00036256,
        0.00027945])}