{'mean_fit_time': array([318.88698754]),
 'std_fit_time': array([414.26914042]),
 'mean_score_time': array([2.9739675]),
 'std_score_time': array([0.09404004]),
 'param_learning_rate': masked_array(data=[0.3],
              mask=[False],
        fill_value='?',
             dtype=object),
 'param_max_depth': masked_array(data=[64],
              mask=[False],
        fill_value='?',
             dtype=object),
 'param_n_estimators': masked_array(data=[256],
              mask=[False],
        fill_value='?',
             dtype=object),
 'param_num_leaves': masked_array(data=[511],
              mask=[False],
        fill_value='?',
             dtype=object),
 'params': [{'learning_rate': 0.3,
   'max_depth': 64,
   'n_estimators': 256,
   'num_leaves': 511}],
 'split0_test_score': array([0.84677592]),
 'split1_test_score': array([0.84714105]),
 'split2_test_score': array([0.84838271]),
 'split3_test_score': array([0.85272949]),
 'split4_test_score': array([0.84777462]),
 'mean_test_score': array([0.84856076]),
 'std_test_score': array([0.00215542]),
 'rank_test_score': array([1], dtype=int32)}
---------------------------------------------------------------------------------------------

{'mean_fit_time': array([26.55992622]),
 'std_fit_time': array([15.99737776]),
 'mean_score_time': array([0.76557269]),
 'std_score_time': array([0.21514874]),
 'param_learning_rate': masked_array(data=[0.3],
              mask=[False],
        fill_value='?',
             dtype=object),
 'param_max_depth': masked_array(data=[64],
              mask=[False],
        fill_value='?',
             dtype=object),
 'param_n_estimators': masked_array(data=[256],
              mask=[False],
        fill_value='?',
             dtype=object),
 'param_num_leaves': masked_array(data=[511],
              mask=[False],
        fill_value='?',
             dtype=object),
 'param_objective': masked_array(data=['l2'],
              mask=[False],
        fill_value='?',
             dtype=object),
 'param_subsample': masked_array(data=[0.2],
              mask=[False],
        fill_value='?',
             dtype=object),
 'param_subsample_freq': masked_array(data=[4],
              mask=[False],
        fill_value='?',
             dtype=object),
 'params': [{'learning_rate': 0.3,
   'max_depth': 64,
   'n_estimators': 256,
   'num_leaves': 511,
   'objective': 'l2',
   'subsample': 0.2,
   'subsample_freq': 4}],
 'split0_test_score': array([0.82038244]),
 'split1_test_score': array([0.82190089]),
 'split2_test_score': array([0.81748647]),
 'split3_test_score': array([0.81927579]),
 'split4_test_score': array([0.81341433]),
 'mean_test_score': array([0.81849198]),
 'std_test_score': array([0.00291899]),
 'rank_test_score': array([1], dtype=int32)}
---------------------------------------------------------
{'mean_fit_time': array([ 73.10310049, 223.47012959, 153.27768044,  52.20909247,
        103.71964025, 201.7414588 ]),
 'std_fit_time': array([ 55.04096968, 256.27838789,  47.04879664,   6.67058883,
          7.35663745,  18.93592296]),
 'mean_score_time': array([ 2.82679076,  8.22291303, 13.3061626 ,  2.8620194 ,  8.34007068,
        16.89134536]),
 'std_score_time': array([0.026152  , 0.05688791, 4.18191046, 0.04193486, 0.06753334,
        0.14573314]),
 'param_learning_rate': masked_array(data=[0.2, 0.2, 0.2, 0.3, 0.3, 0.3],
              mask=[False, False, False, False, False, False],
        fill_value='?',
             dtype=object),
 'param_max_depth': masked_array(data=[64, 64, 64, 64, 64, 64],
              mask=[False, False, False, False, False, False],
        fill_value='?',
             dtype=object),
 'param_n_estimators': masked_array(data=[128, 256, 512, 128, 256, 512],
              mask=[False, False, False, False, False, False],
        fill_value='?',
             dtype=object),
 'param_num_leaves': masked_array(data=[511, 511, 511, 511, 511, 511],
              mask=[False, False, False, False, False, False],
        fill_value='?',
             dtype=object),
 'param_objective': masked_array(data=['l2', 'l2', 'l2', 'l2', 'l2', 'l2'],
              mask=[False, False, False, False, False, False],
        fill_value='?',
             dtype=object),
 'param_subsample': masked_array(data=[0.2, 0.2, 0.2, 0.2, 0.2, 0.2],
              mask=[False, False, False, False, False, False],
        fill_value='?',
             dtype=object),
 'param_subsample_freq': masked_array(data=[4, 4, 4, 4, 4, 4],
              mask=[False, False, False, False, False, False],
        fill_value='?',
             dtype=object),
 'params': [{'learning_rate': 0.2,
   'max_depth': 64,
   'n_estimators': 128,
   'num_leaves': 511,
   'objective': 'l2',
   'subsample': 0.2,
   'subsample_freq': 4},
  {'learning_rate': 0.2,
   'max_depth': 64,
   'n_estimators': 256,
   'num_leaves': 511,
   'objective': 'l2',
   'subsample': 0.2,
   'subsample_freq': 4},
  {'learning_rate': 0.2,
   'max_depth': 64,
   'n_estimators': 512,
   'num_leaves': 511,
   'objective': 'l2',
   'subsample': 0.2,
   'subsample_freq': 4},
  {'learning_rate': 0.3,
   'max_depth': 64,
   'n_estimators': 128,
   'num_leaves': 511,
   'objective': 'l2',
   'subsample': 0.2,
   'subsample_freq': 4},
  {'learning_rate': 0.3,
   'max_depth': 64,
   'n_estimators': 256,
   'num_leaves': 511,
   'objective': 'l2',
   'subsample': 0.2,
   'subsample_freq': 4},
  {'learning_rate': 0.3,
   'max_depth': 64,
   'n_estimators': 512,
   'num_leaves': 511,
   'objective': 'l2',
   'subsample': 0.2,
   'subsample_freq': 4}],
 'split0_test_score': array([0.82349031, 0.81083805, 0.81083805, 0.79442271, 0.7674248 ,
        0.73206563]),
 'split1_test_score': array([0.82490666, 0.81227736, 0.81227736, 0.79325557, 0.76573474,
        0.728871  ]),
 'split2_test_score': array([0.82798657, 0.81697342, 0.8016067 , 0.79743583, 0.76942346,
        0.73613216]),
 'split3_test_score': array([0.83163959, 0.82054788, 0.80458013, 0.79820528, 0.76842081,
        0.73450409]),
 'split4_test_score': array([0.82367982, 0.81021511, 0.79523015, 0.79204393, 0.76238236,
        0.72849179]),
 'mean_test_score': array([0.82634059, 0.81417036, 0.80490648, 0.79507267, 0.76667723,
        0.73201293]),
 'std_test_score': array([0.00309996, 0.00397144, 0.00623121, 0.00237888, 0.0024688 ,
        0.00301486]),
 'rank_test_score': array([1, 2, 3, 4, 5, 6], dtype=int32)}
--------------------------------------------------------------------------------------------
'mean_fit_time': array([  54.92386246,   96.65684633,  291.04632692,  102.65739026,
         364.45246468, 2959.41075468,   40.70737357,   79.85771036,
         291.36176472]),
 'std_fit_time': array([1.42376893e+01, 1.14575467e+01, 1.25526125e+02, 2.26773063e+01,
        7.97118860e+01, 5.20375049e+03, 5.60961647e-01, 8.72075178e-01,
        1.37201280e+02]),
 'mean_score_time': array([ 2.68826942,  8.10685692, 16.93431501,  2.21134558,  7.54874053,
        16.46835761,  1.52966065,  5.07659831, 11.33931866]),
 'std_score_time': array([0.03464256, 0.04648919, 0.20425216, 0.04642108, 0.09195452,
        0.32543917, 0.02681801, 0.0379973 , 0.04096186]),
 'param_learning_rate': masked_array(data=[0.1, 0.1, 0.1, 0.03, 0.03, 0.03, 0.001, 0.001, 0.001],
              mask=[False, False, False, False, False, False, False, False,
                    False],
        fill_value='?',
             dtype=object),
 'param_max_depth': masked_array(data=[64, 64, 64, 64, 64, 64, 64, 64, 64],
              mask=[False, False, False, False, False, False, False, False,
                    False],
        fill_value='?',
             dtype=object),
 'param_n_estimators': masked_array(data=[128, 256, 512, 128, 256, 512, 128, 256, 512],
              mask=[False, False, False, False, False, False, False, False,
                    False],
        fill_value='?',
             dtype=object),
 'param_num_leaves': masked_array(data=[511, 511, 511, 511, 511, 511, 511, 511, 511],
              mask=[False, False, False, False, False, False, False, False,
                    False],
        fill_value='?',
             dtype=object),
 'param_objective': masked_array(data=['l2', 'l2', 'l2', 'l2', 'l2', 'l2', 'l2', 'l2', 'l2'],
              mask=[False, False, False, False, False, False, False, False,
                    False],
        fill_value='?',
             dtype=object),
 'param_subsample': masked_array(data=[0.2, 0.2, 0.2, 0.2, 0.2, 0.2, 0.2, 0.2, 0.2],
              mask=[False, False, False, False, False, False, False, False,
                    False],
        fill_value='?',
             dtype=object),
 'param_subsample_freq': masked_array(data=[4, 4, 4, 4, 4, 4, 4, 4, 4],
              mask=[False, False, False, False, False, False, False, False,
                    False],
        fill_value='?',
             dtype=object),
 'params': [{'learning_rate': 0.1,
   'max_depth': 64,
   'n_estimators': 128,
   'num_leaves': 511,
   'objective': 'l2',
   'subsample': 0.2,
   'subsample_freq': 4},
  {'learning_rate': 0.1,
   'max_depth': 64,
   'n_estimators': 256,
   'num_leaves': 511,
   'objective': 'l2',
   'subsample': 0.2,
   'subsample_freq': 4},
  {'learning_rate': 0.1,
   'max_depth': 64,
   'n_estimators': 512,
   'num_leaves': 511,
   'objective': 'l2',
   'subsample': 0.2,
   'subsample_freq': 4},
  {'learning_rate': 0.03,
   'max_depth': 64,
   'n_estimators': 128,
   'num_leaves': 511,
   'objective': 'l2',
   'subsample': 0.2,
   'subsample_freq': 4},
  {'learning_rate': 0.03,
   'max_depth': 64,
   'n_estimators': 256,
   'num_leaves': 511,
   'objective': 'l2',
   'subsample': 0.2,
   'subsample_freq': 4},
  {'learning_rate': 0.03,
   'max_depth': 64,
   'n_estimators': 512,
   'num_leaves': 511,
   'objective': 'l2',
   'subsample': 0.2,
   'subsample_freq': 4},
  {'learning_rate': 0.001,
   'max_depth': 64,
   'n_estimators': 128,
   'num_leaves': 511,
   'objective': 'l2',
   'subsample': 0.2,
   'subsample_freq': 4},
  {'learning_rate': 0.001,
   'max_depth': 64,
   'n_estimators': 256,
   'num_leaves': 511,
   'objective': 'l2',
   'subsample': 0.2,
   'subsample_freq': 4},
  {'learning_rate': 0.001,
   'max_depth': 64,
   'n_estimators': 512,
   'num_leaves': 511,
   'objective': 'l2',
   'subsample': 0.2,
   'subsample_freq': 4}],
 'split0_test_score': array([0.84501426, 0.84326635, 0.83816128, 0.84155119, 0.85016086,
        0.85297285, 0.17638031, 0.31426133, 0.50695452]),
 'split1_test_score': array([0.84437636, 0.84155343, 0.83619768, 0.84348818, 0.84977413,
        0.85271774, 0.17753829, 0.31626371, 0.5102732 ]),
 'split2_test_score': array([0.84799773, 0.84470793, 0.84018205, 0.84788388, 0.85474356,
        0.85691771, 0.17736497, 0.31631491, 0.51060802]),
 'split3_test_score': array([0.85175962, 0.84908047, 0.8419289 , 0.84947517, 0.85666692,
        0.85880201, 0.17702558, 0.31586229, 0.51025989]),
 'split4_test_score': array([0.8451323 , 0.84149841, 0.83704107, 0.84606344, 0.85239705,
        0.85376646, 0.17743635, 0.31619634, 0.51043468]),
 'mean_test_score': array([0.84685605, 0.84402132, 0.8387022 , 0.84569237, 0.8527485 ,
        0.85503535, 0.1771491 , 0.31577971, 0.50970606]),
 'std_test_score': array([0.00275176, 0.00279614, 0.00209409, 0.00287255, 0.00264577,
        0.00240692, 0.00042116, 0.00077545, 0.00138158]),
 'rank_test_score': array([3, 5, 6, 4, 2, 1, 9, 8, 7], dtype=int32)}

